<?xml version="1.0" encoding="UTF-8"?>
<testsuite name="repere.TestAxe" tests="1" skipped="0" failures="0" errors="0" timestamp="2020-10-19T08:53:07" hostname="linux" time="0.135">
  <properties/>
  <testcase name="testAxeInconsistent2" classname="repere.TestAxe" time="0.135"/>
  <system-out><![CDATA[]]></system-out>
  <system-err><![CDATA[]]></system-err>
</testsuite>
